0 info it worked if it ends with ok
1 verbose cli [ 'C:\\Program Files\\nodejs\\node.exe',
1 verbose cli   'C:\\Program Files\\nodejs\\node_modules\\npm\\bin\\npm-cli.js',
1 verbose cli   'run',
1 verbose cli   'production' ]
2 info using npm@3.10.10
3 info using node@v6.10.3
4 verbose run-script [ 'preproduction', 'production', 'postproduction' ]
5 info lifecycle koa_test@1.0.0~preproduction: koa_test@1.0.0
6 silly lifecycle koa_test@1.0.0~preproduction: no script for preproduction, continuing
7 info lifecycle koa_test@1.0.0~production: koa_test@1.0.0
8 verbose lifecycle koa_test@1.0.0~production: unsafe-perm in lifecycle true
9 verbose lifecycle koa_test@1.0.0~production: PATH: C:\Program Files\nodejs\node_modules\npm\bin\node-gyp-bin;C:\Users\jamesroncy\koa_test\node_modules\.bin;C:\Program Files (x86)\Intel\iCLS Client\;C:\Program Files\Intel\iCLS Client\;C:\Windows\system32;C:\Windows;C:\Windows\System32\Wbem;C:\Windows\System32\WindowsPowerShell\v1.0\;C:\Program Files (x86)\Intel\OpenCL SDK\2.0\bin\x86;C:\Program Files (x86)\Intel\OpenCL SDK\2.0\bin\x64;C:\Program Files\Intel\Intel(R) Management Engine Components\DAL;C:\Program Files\Intel\Intel(R) Management Engine Components\IPT;C:\Program Files (x86)\Intel\Intel(R) Management Engine Components\DAL;C:\Program Files (x86)\Intel\Intel(R) Management Engine Components\IPT;C:\Program Files\TortoiseSVN\bin;C:\Program Files (x86)\Skype\Phone\;C:\xamppold\php;C:\ProgramData\ComposerSetup\bin;C:\Program Files\Java\jdk1.7.0_79\bin;c:\Program Files (x86)\Microsoft SQL Server\100\Tools\Binn\;c:\Program Files\Microsoft SQL Server\100\Tools\Binn\;c:\Program Files\Microsoft SQL Server\100\DTS\Binn\;C:\Program Files (x86)\Microsoft SQL Server\100\Tools\Binn\VSShell\Common7\IDE\;C:\Program Files (x86)\Microsoft SQL Server\100\DTS\Binn\;C:\Program Files (x86)\Microsoft Visual Studio 9.0\Common7\IDE\PrivateAssemblies\;C:\Program Files\nodejs\;C:\Program Files\Git\cmd;C:\Program Files (x86)\Microsoft Visual Studio\Common\Tools\WinNT;C:\Program Files (x86)\Microsoft Visual Studio\Common\MSDev98\Bin;C:\Program Files (x86)\Microsoft Visual Studio\Common\Tools;C:\Program Files (x86)\Microsoft Visual Studio\VC98\bin;C:\Users\jamesroncy\AppData\Roaming\npm
10 verbose lifecycle koa_test@1.0.0~production: CWD: C:\Users\jamesroncy\koa_test
11 silly lifecycle koa_test@1.0.0~production: Args: [ '/d /s /c',
11 silly lifecycle   'npm run configure  && babel index.js -o app.js && node app.js' ]
12 silly lifecycle koa_test@1.0.0~production: Returned: code: 1  signal: null
13 info lifecycle koa_test@1.0.0~production: Failed to exec production script
14 verbose stack Error: koa_test@1.0.0 production: `npm run configure  && babel index.js -o app.js && node app.js`
14 verbose stack Exit status 1
14 verbose stack     at EventEmitter.<anonymous> (C:\Program Files\nodejs\node_modules\npm\lib\utils\lifecycle.js:255:16)
14 verbose stack     at emitTwo (events.js:106:13)
14 verbose stack     at EventEmitter.emit (events.js:191:7)
14 verbose stack     at ChildProcess.<anonymous> (C:\Program Files\nodejs\node_modules\npm\lib\utils\spawn.js:40:14)
14 verbose stack     at emitTwo (events.js:106:13)
14 verbose stack     at ChildProcess.emit (events.js:191:7)
14 verbose stack     at maybeClose (internal/child_process.js:886:16)
14 verbose stack     at Process.ChildProcess._handle.onexit (internal/child_process.js:226:5)
15 verbose pkgid koa_test@1.0.0
16 verbose cwd C:\Users\jamesroncy\koa_test
17 error Windows_NT 6.1.7601
18 error argv "C:\\Program Files\\nodejs\\node.exe" "C:\\Program Files\\nodejs\\node_modules\\npm\\bin\\npm-cli.js" "run" "production"
19 error node v6.10.3
20 error npm  v3.10.10
21 error code ELIFECYCLE
22 error koa_test@1.0.0 production: `npm run configure  && babel index.js -o app.js && node app.js`
22 error Exit status 1
23 error Failed at the koa_test@1.0.0 production script 'npm run configure  && babel index.js -o app.js && node app.js'.
23 error Make sure you have the latest version of node.js and npm installed.
23 error If you do, this is most likely a problem with the koa_test package,
23 error not with npm itself.
23 error Tell the author that this fails on your system:
23 error     npm run configure  && babel index.js -o app.js && node app.js
23 error You can get information on how to open an issue for this project with:
23 error     npm bugs koa_test
23 error Or if that isn't available, you can get their info via:
23 error     npm owner ls koa_test
23 error There is likely additional logging output above.
24 verbose exit [ 1, true ]
